0 info it worked if it ends with ok
1 verbose cli [ 'C:\\Program Files\\nodejs\\node.exe',
1 verbose cli   'C:\\Program Files\\nodejs\\node_modules\\npm\\bin\\npm-cli.js',
1 verbose cli   'run',
1 verbose cli   'postinstall' ]
2 info using npm@3.10.10
3 info using node@v6.11.5
4 verbose run-script [ 'postinstall' ]
5 info lifecycle angular-seed@0.0.0~postinstall: angular-seed@0.0.0
6 verbose lifecycle angular-seed@0.0.0~postinstall: unsafe-perm in lifecycle true
7 verbose lifecycle angular-seed@0.0.0~postinstall: PATH: C:\Program Files\nodejs\node_modules\npm\bin\node-gyp-bin;D:\Users\yishao\Documents\GitHub\sb-angular\angular1\node_modules\.bin;C:\Users\yishao\AppData\Roaming\npm;C:\Program Files\nodejs\;C:\ProgramData\Oracle\Java\javapath;C:\WINDOWS\system32;C:\WINDOWS;C:\WINDOWS\System32\Wbem;C:\WINDOWS\System32\WindowsPowerShell\v1.0\;C:\Program Files (x86)\QuickTime\QTSystem\;C:\Program Files\CapgeminiScripts\Support Tools\;C:\Program Files\nodejs\;C:\Users\yishao\AppData\Local\GitHubDesktop\bin;C:\Users\yishao\AppData\Roaming\npm
8 verbose lifecycle angular-seed@0.0.0~postinstall: CWD: D:\Users\yishao\Documents\GitHub\sb-angular\angular1
9 silly lifecycle angular-seed@0.0.0~postinstall: Args: [ '/d /s /c', 'bower install' ]
10 silly lifecycle angular-seed@0.0.0~postinstall: Returned: code: 1  signal: null
11 info lifecycle angular-seed@0.0.0~postinstall: Failed to exec postinstall script
12 verbose stack Error: angular-seed@0.0.0 postinstall: `bower install`
12 verbose stack Exit status 1
12 verbose stack     at EventEmitter.<anonymous> (C:\Program Files\nodejs\node_modules\npm\lib\utils\lifecycle.js:255:16)
12 verbose stack     at emitTwo (events.js:106:13)
12 verbose stack     at EventEmitter.emit (events.js:191:7)
12 verbose stack     at ChildProcess.<anonymous> (C:\Program Files\nodejs\node_modules\npm\lib\utils\spawn.js:40:14)
12 verbose stack     at emitTwo (events.js:106:13)
12 verbose stack     at ChildProcess.emit (events.js:191:7)
12 verbose stack     at maybeClose (internal/child_process.js:920:16)
12 verbose stack     at Process.ChildProcess._handle.onexit (internal/child_process.js:230:5)
13 verbose pkgid angular-seed@0.0.0
14 verbose cwd D:\Users\yishao\Documents\GitHub\sb-angular\angular1
15 error Windows_NT 10.0.10586
16 error argv "C:\\Program Files\\nodejs\\node.exe" "C:\\Program Files\\nodejs\\node_modules\\npm\\bin\\npm-cli.js" "run" "postinstall"
17 error node v6.11.5
18 error npm  v3.10.10
19 error code ELIFECYCLE
20 error angular-seed@0.0.0 postinstall: `bower install`
20 error Exit status 1
21 error Failed at the angular-seed@0.0.0 postinstall script 'bower install'.
21 error Make sure you have the latest version of node.js and npm installed.
21 error If you do, this is most likely a problem with the angular-seed package,
21 error not with npm itself.
21 error Tell the author that this fails on your system:
21 error     bower install
21 error You can get information on how to open an issue for this project with:
21 error     npm bugs angular-seed
21 error Or if that isn't available, you can get their info via:
21 error     npm owner ls angular-seed
21 error There is likely additional logging output above.
22 verbose exit [ 1, true ]
